<?xml version="1.0" encoding="UTF-8"?>
<!-- Generated by org.testng.reporters.JUnitXMLReporter -->
<testsuite ignored="0" hostname="DESKTOP-VTOKQ5D" failures="0" tests="4" name="Test" time="0.02" errors="0" timestamp="2023-03-01T21:45:54 EST">
  <testcase classname="logout.Logout4" name="logout4Test" time="0.004"/>
  <testcase classname="logout.Logout2" name="logout2Test" time="0.001"/>
  <testcase classname="logout.Logout3" name="logout3Test" time="0.001"/>
  <testcase classname="logout.Logout1" name="logout1Test" time="0.001"/>
</testsuite> <!-- Test -->
