<?xml version="1.0" encoding="UTF-8"?>
<!-- Generated by org.testng.reporters.JUnitXMLReporter -->
<testsuite hostname="DESKTOP-VTOKQ5D" ignored="0" name="Test" tests="8" failures="1" timestamp="22 Mar 2023 23:22:41 GMT" time="289.738" errors="0">
  <testcase name="clickOnLoginTest" time="5.706" classname="rediff_soft_hard_assertions.Soft_assert"/>
  <testcase name="enterCredentialsTest" time="11.296" classname="rediff_soft_hard_assertions.Soft_assert"/>
  <testcase name="logOutTest" time="22.187" classname="rediff_soft_hard_assertions.Soft_assert"/>
  <testcase name="validateLogOutPageTest" time="25.515" classname="rediff_soft_hard_assertions.Soft_assert"/>
  <testcase name="clickOnLoginTest" time="1.979" classname="rediff_soft_hard_assertions.Hard_assert"/>
  <testcase name="enterCredentialsTest" time="13.146" classname="rediff_soft_hard_assertions.Hard_assert"/>
  <testcase name="logOutTest" time="57.706" classname="rediff_soft_hard_assertions.Hard_assert"/>
  <testcase name="validateLogOutPageTest" time="61.697" classname="rediff_soft_hard_assertions.Hard_assert">
    <failure type="org.openqa.selenium.WebDriverException" message="unknown error: cannot determine loading status
from disconnected: unable to send message to renderer
  (Session info: chrome=111.0.5563.111)
Build info: version: &amp;apos;4.7.2&amp;apos;, revision: &amp;apos;4d4020c3b7&amp;apos;
System info: os.name: &amp;apos;Windows 10&amp;apos;, os.arch: &amp;apos;amd64&amp;apos;, os.version: &amp;apos;10.0&amp;apos;, java.version: &amp;apos;1.8.0_341&amp;apos;
Driver info: org.openqa.selenium.chrome.ChromeDriver
Command: [b4e55cfe1c29d12dccdb4ebc9db1c078, clickElement {id=d97fad8f-7b2a-4852-835a-07b96c589017}]
Capabilities {acceptInsecureCerts: false, browserName: chrome, browserVersion: 111.0.5563.111, chrome: {chromedriverVersion: 111.0.5563.64 (c710e93d5b63..., userDataDir: C:\Users\ABDERR~1\AppData\L...}, goog:chromeOptions: {debuggerAddress: localhost:55612}, networkConnectionEnabled: false, pageLoadStrategy: normal, platformName: WINDOWS, proxy: Proxy(), se:cdp: ws://localhost:55612/devtoo..., se:cdpVersion: 111.0.5563.111, setWindowRect: true, strictFileInteractability: false, timeouts: {implicit: 0, pageLoad: 300000, script: 30000}, unhandledPromptBehavior: dismiss and notify, webauthn:extension:credBlob: true, webauthn:extension:largeBlob: true, webauthn:extension:minPinLength: true, webauthn:extension:prf: true, webauthn:virtualAuthenticators: true}
Element: [[ChromeDriver: chrome on WINDOWS (b4e55cfe1c29d12dccdb4ebc9db1c078)] -&amp;gt; class name: rd_logout]
Session ID: b4e55cfe1c29d12dccdb4ebc9db1c078">
      <![CDATA[org.openqa.selenium.WebDriverException: unknown error: cannot determine loading status
from disconnected: unable to send message to renderer
  (Session info: chrome=111.0.5563.111)
Build info: version: '4.7.2', revision: '4d4020c3b7'
System info: os.name: 'Windows 10', os.arch: 'amd64', os.version: '10.0', java.version: '1.8.0_341'
Driver info: org.openqa.selenium.chrome.ChromeDriver
Command: [b4e55cfe1c29d12dccdb4ebc9db1c078, clickElement {id=d97fad8f-7b2a-4852-835a-07b96c589017}]
Capabilities {acceptInsecureCerts: false, browserName: chrome, browserVersion: 111.0.5563.111, chrome: {chromedriverVersion: 111.0.5563.64 (c710e93d5b63..., userDataDir: C:\Users\ABDERR~1\AppData\L...}, goog:chromeOptions: {debuggerAddress: localhost:55612}, networkConnectionEnabled: false, pageLoadStrategy: normal, platformName: WINDOWS, proxy: Proxy(), se:cdp: ws://localhost:55612/devtoo..., se:cdpVersion: 111.0.5563.111, setWindowRect: true, strictFileInteractability: false, timeouts: {implicit: 0, pageLoad: 300000, script: 30000}, unhandledPromptBehavior: dismiss and notify, webauthn:extension:credBlob: true, webauthn:extension:largeBlob: true, webauthn:extension:minPinLength: true, webauthn:extension:prf: true, webauthn:virtualAuthenticators: true}
Element: [[ChromeDriver: chrome on WINDOWS (b4e55cfe1c29d12dccdb4ebc9db1c078)] -> class name: rd_logout]
Session ID: b4e55cfe1c29d12dccdb4ebc9db1c078
at org.openqa.selenium.remote.codec.w3c.W3CHttpResponseCodec.createException(W3CHttpResponseCodec.java:200)
at org.openqa.selenium.remote.codec.w3c.W3CHttpResponseCodec.decode(W3CHttpResponseCodec.java:133)
at org.openqa.selenium.remote.codec.w3c.W3CHttpResponseCodec.decode(W3CHttpResponseCodec.java:53)
at org.openqa.selenium.remote.HttpCommandExecutor.execute(HttpCommandExecutor.java:184)
at org.openqa.selenium.remote.service.DriverCommandExecutor.invokeExecute(DriverCommandExecutor.java:167)
at org.openqa.selenium.remote.service.DriverCommandExecutor.execute(DriverCommandExecutor.java:142)
at org.openqa.selenium.remote.RemoteWebDriver.execute(RemoteWebDriver.java:535)
at org.openqa.selenium.remote.RemoteWebElement.execute(RemoteWebElement.java:257)
at org.openqa.selenium.remote.RemoteWebElement.click(RemoteWebElement.java:78)
at rediff_soft_hard_assertions.Hard_assert.validateLogOutPageTest(Hard_assert.java:85)
... Removed 33 stack frames]]>
    </failure>
  </testcase> <!-- validateLogOutPageTest -->
</testsuite> <!-- Test -->
