<?xml version="1.0" encoding="UTF-8"?>
<!-- Generated by org.testng.reporters.JUnitXMLReporter -->
<testsuite ignored="0" hostname="DESKTOP-VTOKQ5D" failures="0" tests="4" name="Test" time="0.015" errors="0" timestamp="2023-03-01T21:45:54 EST">
  <testcase classname="register.Register1" name="register1Test" time="0.001"/>
  <testcase classname="register.Register2" name="register1Test" time="0.002"/>
  <testcase classname="register.Register3" name="register1Test" time="0.001"/>
  <testcase classname="register.Register4" name="register1Test" time="0.001"/>
</testsuite> <!-- Test -->
