<?xml version="1.0" encoding="UTF-8"?>
<testng-results skipped="0" failed="1" ignored="0" total="8" passed="7">
  <reporter-output>
  </reporter-output>
  <suite name="Suite" duration-ms="289738" started-at="2023-03-22T23:17:51Z" finished-at="2023-03-22T23:22:40Z">
    <groups>
    </groups>
    <test name="Test" duration-ms="289738" started-at="2023-03-22T23:17:51Z" finished-at="2023-03-22T23:22:40Z">
      <class name="rediff_soft_hard_assertions.Soft_assert">
        <test-method status="PASS" signature="launch()[pri:0, instance:rediff_soft_hard_assertions.Soft_assert@10e41621]" name="launch" is-config="true" duration-ms="15046" started-at="2023-03-22T23:17:51Z" finished-at="2023-03-22T23:18:06Z">
          <reporter-output>
          </reporter-output>
        </test-method> <!-- launch -->
        <test-method status="PASS" signature="clickOnLoginTest()[pri:0, instance:rediff_soft_hard_assertions.Soft_assert@10e41621]" name="clickOnLoginTest" duration-ms="5706" started-at="2023-03-22T23:18:06Z" finished-at="2023-03-22T23:18:12Z">
          <reporter-output>
          </reporter-output>
        </test-method> <!-- clickOnLoginTest -->
        <test-method status="PASS" signature="teardown()[pri:0, instance:rediff_soft_hard_assertions.Soft_assert@10e41621]" name="teardown" is-config="true" duration-ms="1032" started-at="2023-03-22T23:18:12Z" finished-at="2023-03-22T23:18:13Z">
          <reporter-output>
          </reporter-output>
        </test-method> <!-- teardown -->
        <test-method status="PASS" signature="launch()[pri:0, instance:rediff_soft_hard_assertions.Soft_assert@10e41621]" name="launch" is-config="true" duration-ms="12585" started-at="2023-03-22T23:18:13Z" finished-at="2023-03-22T23:18:25Z">
          <reporter-output>
          </reporter-output>
        </test-method> <!-- launch -->
        <test-method status="PASS" signature="enterCredentialsTest()[pri:0, instance:rediff_soft_hard_assertions.Soft_assert@10e41621]" name="enterCredentialsTest" duration-ms="11296" started-at="2023-03-22T23:18:25Z" finished-at="2023-03-22T23:18:36Z">
          <reporter-output>
          </reporter-output>
        </test-method> <!-- enterCredentialsTest -->
        <test-method status="PASS" signature="teardown()[pri:0, instance:rediff_soft_hard_assertions.Soft_assert@10e41621]" name="teardown" is-config="true" duration-ms="1344" started-at="2023-03-22T23:18:36Z" finished-at="2023-03-22T23:18:38Z">
          <reporter-output>
          </reporter-output>
        </test-method> <!-- teardown -->
        <test-method status="PASS" signature="launch()[pri:0, instance:rediff_soft_hard_assertions.Soft_assert@10e41621]" name="launch" is-config="true" duration-ms="10418" started-at="2023-03-22T23:18:38Z" finished-at="2023-03-22T23:18:48Z">
          <reporter-output>
          </reporter-output>
        </test-method> <!-- launch -->
        <test-method status="PASS" signature="logOutTest()[pri:0, instance:rediff_soft_hard_assertions.Soft_assert@10e41621]" name="logOutTest" duration-ms="22187" started-at="2023-03-22T23:18:48Z" finished-at="2023-03-22T23:19:10Z">
          <reporter-output>
          </reporter-output>
        </test-method> <!-- logOutTest -->
        <test-method status="PASS" signature="teardown()[pri:0, instance:rediff_soft_hard_assertions.Soft_assert@10e41621]" name="teardown" is-config="true" duration-ms="1821" started-at="2023-03-22T23:19:10Z" finished-at="2023-03-22T23:19:12Z">
          <reporter-output>
          </reporter-output>
        </test-method> <!-- teardown -->
        <test-method status="PASS" signature="launch()[pri:0, instance:rediff_soft_hard_assertions.Soft_assert@10e41621]" name="launch" is-config="true" duration-ms="13389" started-at="2023-03-22T23:19:12Z" finished-at="2023-03-22T23:19:26Z">
          <reporter-output>
          </reporter-output>
        </test-method> <!-- launch -->
        <test-method status="PASS" signature="validateLogOutPageTest()[pri:0, instance:rediff_soft_hard_assertions.Soft_assert@10e41621]" name="validateLogOutPageTest" duration-ms="25515" started-at="2023-03-22T23:19:26Z" finished-at="2023-03-22T23:19:51Z">
          <reporter-output>
          </reporter-output>
        </test-method> <!-- validateLogOutPageTest -->
        <test-method status="PASS" signature="teardown()[pri:0, instance:rediff_soft_hard_assertions.Soft_assert@10e41621]" name="teardown" is-config="true" duration-ms="1045" started-at="2023-03-22T23:19:51Z" finished-at="2023-03-22T23:19:52Z">
          <reporter-output>
          </reporter-output>
        </test-method> <!-- teardown -->
      </class> <!-- rediff_soft_hard_assertions.Soft_assert -->
      <class name="rediff_soft_hard_assertions.Hard_assert">
        <test-method status="PASS" signature="launch()[pri:0, instance:rediff_soft_hard_assertions.Hard_assert@353d0772]" name="launch" is-config="true" duration-ms="7121" started-at="2023-03-22T23:19:52Z" finished-at="2023-03-22T23:19:59Z">
          <reporter-output>
          </reporter-output>
        </test-method> <!-- launch -->
        <test-method status="PASS" signature="clickOnLoginTest()[pri:0, instance:rediff_soft_hard_assertions.Hard_assert@353d0772]" name="clickOnLoginTest" duration-ms="1979" started-at="2023-03-22T23:19:59Z" finished-at="2023-03-22T23:20:01Z">
          <reporter-output>
          </reporter-output>
        </test-method> <!-- clickOnLoginTest -->
        <test-method status="PASS" signature="teardown()[pri:0, instance:rediff_soft_hard_assertions.Hard_assert@353d0772]" name="teardown" is-config="true" duration-ms="988" started-at="2023-03-22T23:20:01Z" finished-at="2023-03-22T23:20:02Z">
          <reporter-output>
          </reporter-output>
        </test-method> <!-- teardown -->
        <test-method status="PASS" signature="launch()[pri:0, instance:rediff_soft_hard_assertions.Hard_assert@353d0772]" name="launch" is-config="true" duration-ms="8317" started-at="2023-03-22T23:20:02Z" finished-at="2023-03-22T23:20:11Z">
          <reporter-output>
          </reporter-output>
        </test-method> <!-- launch -->
        <test-method status="PASS" signature="enterCredentialsTest()[pri:0, instance:rediff_soft_hard_assertions.Hard_assert@353d0772]" name="enterCredentialsTest" duration-ms="13146" started-at="2023-03-22T23:20:11Z" finished-at="2023-03-22T23:20:24Z">
          <reporter-output>
          </reporter-output>
        </test-method> <!-- enterCredentialsTest -->
        <test-method status="PASS" signature="teardown()[pri:0, instance:rediff_soft_hard_assertions.Hard_assert@353d0772]" name="teardown" is-config="true" duration-ms="1240" started-at="2023-03-22T23:20:24Z" finished-at="2023-03-22T23:20:25Z">
          <reporter-output>
          </reporter-output>
        </test-method> <!-- teardown -->
        <test-method status="PASS" signature="launch()[pri:0, instance:rediff_soft_hard_assertions.Hard_assert@353d0772]" name="launch" is-config="true" duration-ms="6416" started-at="2023-03-22T23:20:25Z" finished-at="2023-03-22T23:20:31Z">
          <reporter-output>
          </reporter-output>
        </test-method> <!-- launch -->
        <test-method status="PASS" signature="logOutTest()[pri:0, instance:rediff_soft_hard_assertions.Hard_assert@353d0772]" name="logOutTest" duration-ms="57706" started-at="2023-03-22T23:20:31Z" finished-at="2023-03-22T23:21:29Z">
          <reporter-output>
          </reporter-output>
        </test-method> <!-- logOutTest -->
        <test-method status="PASS" signature="teardown()[pri:0, instance:rediff_soft_hard_assertions.Hard_assert@353d0772]" name="teardown" is-config="true" duration-ms="752" started-at="2023-03-22T23:21:29Z" finished-at="2023-03-22T23:21:30Z">
          <reporter-output>
          </reporter-output>
        </test-method> <!-- teardown -->
        <test-method status="PASS" signature="launch()[pri:0, instance:rediff_soft_hard_assertions.Hard_assert@353d0772]" name="launch" is-config="true" duration-ms="7690" started-at="2023-03-22T23:21:30Z" finished-at="2023-03-22T23:21:38Z">
          <reporter-output>
          </reporter-output>
        </test-method> <!-- launch -->
        <test-method status="FAIL" signature="validateLogOutPageTest()[pri:0, instance:rediff_soft_hard_assertions.Hard_assert@353d0772]" name="validateLogOutPageTest" duration-ms="61697" started-at="2023-03-22T23:21:38Z" finished-at="2023-03-22T23:22:39Z">
          <exception class="org.openqa.selenium.WebDriverException">
            <message>
              <![CDATA[unknown error: cannot determine loading status
from disconnected: unable to send message to renderer
  (Session info: chrome=111.0.5563.111)
Build info: version: '4.7.2', revision: '4d4020c3b7'
System info: os.name: 'Windows 10', os.arch: 'amd64', os.version: '10.0', java.version: '1.8.0_341'
Driver info: org.openqa.selenium.chrome.ChromeDriver
Command: [b4e55cfe1c29d12dccdb4ebc9db1c078, clickElement {id=d97fad8f-7b2a-4852-835a-07b96c589017}]
Capabilities {acceptInsecureCerts: false, browserName: chrome, browserVersion: 111.0.5563.111, chrome: {chromedriverVersion: 111.0.5563.64 (c710e93d5b63..., userDataDir: C:\Users\ABDERR~1\AppData\L...}, goog:chromeOptions: {debuggerAddress: localhost:55612}, networkConnectionEnabled: false, pageLoadStrategy: normal, platformName: WINDOWS, proxy: Proxy(), se:cdp: ws://localhost:55612/devtoo..., se:cdpVersion: 111.0.5563.111, setWindowRect: true, strictFileInteractability: false, timeouts: {implicit: 0, pageLoad: 300000, script: 30000}, unhandledPromptBehavior: dismiss and notify, webauthn:extension:credBlob: true, webauthn:extension:largeBlob: true, webauthn:extension:minPinLength: true, webauthn:extension:prf: true, webauthn:virtualAuthenticators: true}
Element: [[ChromeDriver: chrome on WINDOWS (b4e55cfe1c29d12dccdb4ebc9db1c078)] -> class name: rd_logout]
Session ID: b4e55cfe1c29d12dccdb4ebc9db1c078]]>
            </message>
            <full-stacktrace>
              <![CDATA[org.openqa.selenium.WebDriverException: unknown error: cannot determine loading status
from disconnected: unable to send message to renderer
  (Session info: chrome=111.0.5563.111)
Build info: version: '4.7.2', revision: '4d4020c3b7'
System info: os.name: 'Windows 10', os.arch: 'amd64', os.version: '10.0', java.version: '1.8.0_341'
Driver info: org.openqa.selenium.chrome.ChromeDriver
Command: [b4e55cfe1c29d12dccdb4ebc9db1c078, clickElement {id=d97fad8f-7b2a-4852-835a-07b96c589017}]
Capabilities {acceptInsecureCerts: false, browserName: chrome, browserVersion: 111.0.5563.111, chrome: {chromedriverVersion: 111.0.5563.64 (c710e93d5b63..., userDataDir: C:\Users\ABDERR~1\AppData\L...}, goog:chromeOptions: {debuggerAddress: localhost:55612}, networkConnectionEnabled: false, pageLoadStrategy: normal, platformName: WINDOWS, proxy: Proxy(), se:cdp: ws://localhost:55612/devtoo..., se:cdpVersion: 111.0.5563.111, setWindowRect: true, strictFileInteractability: false, timeouts: {implicit: 0, pageLoad: 300000, script: 30000}, unhandledPromptBehavior: dismiss and notify, webauthn:extension:credBlob: true, webauthn:extension:largeBlob: true, webauthn:extension:minPinLength: true, webauthn:extension:prf: true, webauthn:virtualAuthenticators: true}
Element: [[ChromeDriver: chrome on WINDOWS (b4e55cfe1c29d12dccdb4ebc9db1c078)] -> class name: rd_logout]
Session ID: b4e55cfe1c29d12dccdb4ebc9db1c078
at sun.reflect.NativeConstructorAccessorImpl.newInstance0(Native Method)
at sun.reflect.NativeConstructorAccessorImpl.newInstance(NativeConstructorAccessorImpl.java:62)
at sun.reflect.DelegatingConstructorAccessorImpl.newInstance(DelegatingConstructorAccessorImpl.java:45)
at java.lang.reflect.Constructor.newInstance(Constructor.java:423)
at org.openqa.selenium.remote.codec.w3c.W3CHttpResponseCodec.createException(W3CHttpResponseCodec.java:200)
at org.openqa.selenium.remote.codec.w3c.W3CHttpResponseCodec.decode(W3CHttpResponseCodec.java:133)
at org.openqa.selenium.remote.codec.w3c.W3CHttpResponseCodec.decode(W3CHttpResponseCodec.java:53)
at org.openqa.selenium.remote.HttpCommandExecutor.execute(HttpCommandExecutor.java:184)
at org.openqa.selenium.remote.service.DriverCommandExecutor.invokeExecute(DriverCommandExecutor.java:167)
at org.openqa.selenium.remote.service.DriverCommandExecutor.execute(DriverCommandExecutor.java:142)
at org.openqa.selenium.remote.RemoteWebDriver.execute(RemoteWebDriver.java:535)
at org.openqa.selenium.remote.RemoteWebElement.execute(RemoteWebElement.java:257)
at org.openqa.selenium.remote.RemoteWebElement.click(RemoteWebElement.java:78)
at rediff_soft_hard_assertions.Hard_assert.validateLogOutPageTest(Hard_assert.java:85)
at sun.reflect.NativeMethodAccessorImpl.invoke0(Native Method)
at sun.reflect.NativeMethodAccessorImpl.invoke(NativeMethodAccessorImpl.java:62)
at sun.reflect.DelegatingMethodAccessorImpl.invoke(DelegatingMethodAccessorImpl.java:43)
at java.lang.reflect.Method.invoke(Method.java:498)
at org.testng.internal.MethodInvocationHelper.invokeMethod(MethodInvocationHelper.java:124)
at org.testng.internal.Invoker.invokeMethod(Invoker.java:583)
at org.testng.internal.Invoker.invokeTestMethod(Invoker.java:719)
at org.testng.internal.Invoker.invokeTestMethods(Invoker.java:989)
at org.testng.internal.TestMethodWorker.invokeTestMethods(TestMethodWorker.java:125)
at org.testng.internal.TestMethodWorker.run(TestMethodWorker.java:109)
at org.testng.TestRunner.privateRun(TestRunner.java:648)
at org.testng.TestRunner.run(TestRunner.java:505)
at org.testng.SuiteRunner.runTest(SuiteRunner.java:455)
at org.testng.SuiteRunner.runSequentially(SuiteRunner.java:450)
at org.testng.SuiteRunner.privateRun(SuiteRunner.java:415)
at org.testng.SuiteRunner.run(SuiteRunner.java:364)
at org.testng.SuiteRunnerWorker.runSuite(SuiteRunnerWorker.java:52)
at org.testng.SuiteRunnerWorker.run(SuiteRunnerWorker.java:84)
at org.testng.TestNG.runSuitesSequentially(TestNG.java:1208)
at org.testng.TestNG.runSuitesLocally(TestNG.java:1137)
at org.testng.TestNG.runSuites(TestNG.java:1049)
at org.testng.TestNG.run(TestNG.java:1017)
at org.apache.maven.surefire.testng.TestNGExecutor.run(TestNGExecutor.java:324)
at org.apache.maven.surefire.testng.TestNGXmlTestSuite.execute(TestNGXmlTestSuite.java:74)
at org.apache.maven.surefire.testng.TestNGProvider.invoke(TestNGProvider.java:123)
at org.apache.maven.surefire.booter.ForkedBooter.runSuitesInProcess(ForkedBooter.java:456)
at org.apache.maven.surefire.booter.ForkedBooter.execute(ForkedBooter.java:169)
at org.apache.maven.surefire.booter.ForkedBooter.run(ForkedBooter.java:595)
at org.apache.maven.surefire.booter.ForkedBooter.main(ForkedBooter.java:581)
]]>
            </full-stacktrace>
          </exception> <!-- org.openqa.selenium.WebDriverException -->
          <reporter-output>
          </reporter-output>
        </test-method> <!-- validateLogOutPageTest -->
        <test-method status="PASS" signature="teardown()[pri:0, instance:rediff_soft_hard_assertions.Hard_assert@353d0772]" name="teardown" is-config="true" duration-ms="906" started-at="2023-03-22T23:22:40Z" finished-at="2023-03-22T23:22:40Z">
          <reporter-output>
          </reporter-output>
        </test-method> <!-- teardown -->
      </class> <!-- rediff_soft_hard_assertions.Hard_assert -->
    </test> <!-- Test -->
  </suite> <!-- Suite -->
</testng-results>
