<?xml version="1.0" encoding="UTF-8"?>
<!-- Generated by org.testng.reporters.JUnitXMLReporter -->
<testsuite ignored="0" hostname="DESKTOP-VTOKQ5D" failures="0" tests="4" name="Test" time="0.094" errors="0" timestamp="2023-03-01T21:45:54 EST">
  <testcase classname="login.Login2" name="login2Test" time="0.014"/>
  <testcase classname="login.Login3" name="login3Test" time="0.002"/>
  <testcase classname="login.Login4" name="login4Test" time="0.002"/>
  <testcase classname="login.Login1" name="login1Test" time="0.002"/>
</testsuite> <!-- Test -->
